<?xml version="1.0" encoding="UTF-8"?>
<!-- Generated by org.testng.reporters.JUnitXMLReporter -->
<testsuite hostname="MY-PC" ignored="0" name="Default test" tests="3" failures="0" timestamp="22 May 2021 04:47:16 GMT" time="75.843" errors="0">
  <testcase name="verifyLogoTest" time="8.644" classname="com.qa.hubspot.tests.LoginPageTest"/>
  <testcase name="verifyLoginPageTitleTest" time="0.428" classname="com.qa.hubspot.tests.LoginPageTest"/>
  <testcase name="loginTest" time="23.043" classname="com.qa.hubspot.tests.LoginPageTest"/>
</testsuite> <!-- Default test -->
