<?xml version="1.0" encoding="UTF-8"?>
<!-- Generated by org.testng.reporters.JUnitXMLReporter -->
<testsuite hostname="MY-PC" ignored="0" name="ibibo LoginPage test" tests="3" failures="0" timestamp="22 May 2021 05:30:02 GMT" time="66.244" errors="0">
  <testcase name="verifyLogoTest" time="4.409" classname="com.qa.hubspot.tests.LoginPageTest"/>
  <testcase name="verifyLoginPageTitleTest" time="3.218" classname="com.qa.hubspot.tests.LoginPageTest"/>
  <testcase name="loginTest" time="21.253" classname="com.qa.hubspot.tests.LoginPageTest"/>
</testsuite> <!-- ibibo LoginPage test -->
